<?xml version="1.0" encoding="UTF-8"?>
<!-- Generated by org.testng.reporters.JUnitReportReporter -->
<testsuite hostname="DESKTOP-PK3U87L" failures="0" tests="1" name="mainPackage.fb_login" time="2.022" errors="0" timestamp="2021-04-23T09:48:55 IST" skipped="0">
  <testcase classname="mainPackage.fb_login" name="without_username_without_password" time="2.022"/>
  <system-out/>
</testsuite> <!-- mainPackage.fb_login -->
